2025-02-19 11:25:31,408 - INFO - Scraping normal website: https://indiegamereviewer.com/
2025-02-19 11:25:31,539 - INFO - Scraping normal website: https://the-indie-in-former.com/
2025-02-19 11:25:31,655 - INFO - Scraping normal website: https://www.thegamer.com/tag/indie-games/
2025-02-19 11:25:35,332 - INFO - Scraping marketing website: https://acorngames.gg/blog/2024/1/11/using-social-media-as-an-indie-game-developer
2025-02-19 11:25:36,411 - INFO - No articles found, using fallback method for https://indiegamereviewer.com/
2025-02-19 11:25:36,802 - INFO - Scraping marketing website: https://enjin.io/blog/10-social-media-marketing-tips-for-indie-game-developers
2025-02-19 11:25:38,172 - INFO - Scraping marketing website: https://www.conduit.gg/blog/posts/best-channels-for-marketing-an-indie-game
2025-02-19 11:25:53,958 - INFO - No articles found, using fallback method for https://www.conduit.gg/blog/posts/best-channels-for-marketing-an-indie-game
2025-02-19 11:25:55,332 - INFO - Data saved to output/scraped_data.json
2025-02-19 11:25:55,332 - INFO - Initial scraping completed. Found 22 articles.
2025-02-19 11:25:55,333 - INFO - After removing duplicates: 22 articles
2025-02-19 11:25:55,795 - INFO - Scraping content from https://www.thegamer.com/bug-hunter-ufo-50-retro-tactics-into-the-breach/
2025-02-19 11:25:55,895 - INFO - Scraping content from https://indiegamereviewer.com/
2025-02-19 11:25:55,941 - INFO - Scraping content from https://www.thegamer.com/building-relationships-is-the-weirdest-dating-sim-ive-ever-played/
2025-02-19 11:25:59,365 - INFO - Successfully scraped article: I’m Obsessed With Bug Hunter, UFO 50’s Retro Take On Into The Breach
2025-02-19 11:25:59,676 - INFO - Scraping content from https://the-indie-in-former.com/2025/02/14/the-indie-informer-plays-urban-myth-dissolution-center/
2025-02-19 11:26:00,992 - INFO - Successfully scraped article: Building Relationships Is The Weirdest Dating Sim I've Ever Played
2025-02-19 11:26:01,311 - INFO - Scraping content from https://the-indie-in-former.com/2025/02/12/on-the-radar-demo-edition/
2025-02-19 11:26:03,175 - INFO - Scraping content from https://indiegamereviewer.com/
2025-02-19 11:26:05,709 - INFO - Successfully scraped article: The Indie Informer Plays Urban Myth Dissolution Center
2025-02-19 11:26:06,018 - INFO - Scraping content from https://the-indie-in-former.com/2025/02/10/2025-indie-video-game-release-schedule/
2025-02-19 11:26:07,690 - INFO - Successfully scraped article: On The Radar: Demo Edition
2025-02-19 11:26:07,990 - INFO - Scraping content from https://the-indie-in-former.com/2025/02/10/ruffy-and-the-riverside-preview-copy-and-paste/
2025-02-19 11:26:12,045 - INFO - Scraping content from https://indiegamereviewer.com/
2025-02-19 11:26:12,867 - INFO - Successfully scraped article: 2025 Indie Video Game Release Schedule
2025-02-19 11:26:13,214 - INFO - Scraping content from https://the-indie-in-former.com/2025/02/07/the-indie-informer-plays-spirit-swap/
2025-02-19 11:26:16,962 - INFO - Successfully scraped article: Ruffy And The Riverside Preview: Swap Meet
2025-02-19 11:26:17,278 - INFO - Scraping content from https://the-indie-in-former.com/2025/02/06/the-indie-council-contending-with-copycats/
2025-02-19 11:26:19,330 - INFO - Successfully scraped article: The Indie Informer Plays Spirit Swap
2025-02-19 11:26:19,710 - INFO - Successfully scraped article: nan
2025-02-19 11:26:19,737 - INFO - Scraping content from https://the-indie-in-former.com/2025/02/06/whitethorn-digital-winter-showcase-2025-round-up/
2025-02-19 11:26:20,187 - INFO - Scraping content from https://the-indie-in-former.com/2025/02/05/keep-driving-review-get-your-kicks/
2025-02-19 11:26:24,989 - INFO - Successfully scraped article: The Indie Council: Contending With Copycats
2025-02-19 11:26:25,362 - INFO - Scraping content from https://the-indie-in-former.com/2025/02/03/spirit-swap-impressions-relaxing-stimulation/
2025-02-19 11:26:33,386 - INFO - Successfully scraped article: Spirit Swap Impressions: Relaxing Stimulation
2025-02-19 11:26:33,703 - INFO - Scraping content from https://the-indie-in-former.com/2025/01/31/the-indie-informer-plays-citizen-sleeper-2/
2025-02-19 11:26:34,697 - INFO - Successfully scraped article: Whitethorn Winter Showcase 2025 Round-Up
2025-02-19 11:26:35,014 - INFO - Scraping content from https://the-indie-in-former.com/2025/01/30/citizen-sleeper-2-starward-vector-review-did-2025s-goty-launch-in-january/
2025-02-19 11:26:36,558 - INFO - Successfully scraped article: Keep Driving Review: Get Your Kicks
2025-02-19 11:26:37,036 - INFO - Scraping content from https://the-indie-in-former.com/2025/01/28/the-stone-of-madness-impressions-plaguing-my-mind/
2025-02-19 11:26:42,007 - INFO - Successfully scraped article: Citizen Sleeper 2: Starward Vector Review – Did 2025’s GOTY Launch In January?
2025-02-19 11:26:42,148 - INFO - Successfully scraped article: The Indie Informer Plays Citizen Sleeper 2
2025-02-19 11:26:42,437 - INFO - Scraping content from https://the-indie-in-former.com/2025/01/27/eternal-strands-impressions-weave-been-having-a-great-time/
2025-02-19 11:26:42,651 - INFO - Scraping content from https://the-indie-in-former.com/2025/01/27/tails-of-iron-2-whiskers-of-winter-review-noble-struggle/
2025-02-19 11:26:42,963 - INFO - Successfully scraped article: The Stone Of Madness Impressions: Plaguing My Mind
2025-02-19 11:26:43,423 - INFO - Scraping content from https://the-indie-in-former.com/2025/01/24/the-indie-informer-plays-ender-magnolia-bloom-in-the-mist/
2025-02-19 11:26:46,300 - INFO - Successfully scraped article: Eternal Strands Impressions: Weave Been Having A Great Time
2025-02-19 11:26:46,606 - INFO - Scraping content from https://the-indie-in-former.com/2025/01/24/wanderstop-preview-stop-and-pet-the-pluffins/
2025-02-19 11:26:48,554 - INFO - Successfully scraped article: The Indie Informer Plays Ender Magnolia: Bloom In The Mist
2025-02-19 11:26:48,869 - INFO - Scraping content from https://enjin.io/authors/enjin
2025-02-19 11:26:48,976 - INFO - Successfully scraped article: Tails Of Iron 2: Whiskers Of Winter Review – Noble Struggle
2025-02-19 11:26:49,307 - INFO - Scraping content from https://enjin.io/blog
2025-02-19 11:26:50,469 - INFO - Successfully scraped article: Wanderstop Preview: Stop And Pet The Pluffins
2025-02-19 11:26:51,103 - INFO - Scraping content from https://www.conduit.gg/blog/posts/best-channels-for-marketing-an-indie-game
2025-02-19 11:26:56,331 - INFO - Successfully scraped article: 10 Social Media Tips for Indie Game Devs
2025-02-19 11:26:58,593 - INFO - Scraping content from https://enjin.io/authors/enjin
2025-02-19 11:27:07,200 - INFO - Successfully scraped article: Video Game Marketing Blog from Conduit
2025-02-19 11:27:12,223 - INFO - Scraping content from https://enjin.io/authors/enjin
2025-02-19 11:27:17,365 - INFO - Successfully scraped article: 10 Social Media Marketing Tips for Indie Game Developers
2025-02-19 11:27:17,370 - INFO - Data saved to output/detailed_data.json
2025-02-19 11:27:17,374 - INFO - Data saved to output/normal_data.json
2025-02-19 11:27:17,374 - INFO - Saved 19 articles for category: normal
2025-02-19 11:27:17,375 - INFO - Data saved to output/marketing_data.json
2025-02-19 11:27:17,375 - INFO - Saved 3 articles for category: marketing
2025-02-19 11:27:17,375 - INFO - Total Execution Time: 0:01:46
2025-02-19 11:27:17,375 - INFO - 
Files created:
2025-02-19 11:27:17,375 - INFO - 1. output/scraped_data.csv/.json - Initial scraping results
2025-02-19 11:27:17,375 - INFO - 2. output/detailed_data.csv/.json - Complete dataset with full content
2025-02-19 11:27:17,375 - INFO - 3. output/normal_data.csv/.json - Data from normal websites
2025-02-19 11:27:17,375 - INFO - 3. output/marketing_data.csv/.json - Data from marketing websites
2025-02-19 11:27:17,375 - INFO - 4. Individual article text files in scraped_articles/ directory
2025-02-19 19:15:35,298 - INFO - Scraping normal website: https://indiegamereviewer.com/
2025-02-19 19:15:35,299 - INFO - Scraping normal website: https://the-indie-in-former.com/
2025-02-19 19:15:35,302 - INFO - Scraping normal website: https://www.thegamer.com/tag/indie-games/
2025-02-19 19:15:38,883 - INFO - No articles found, using fallback method for https://indiegamereviewer.com/
2025-02-19 19:15:39,441 - INFO - Scraping marketing website: https://acorngames.gg/blog/2024/1/11/using-social-media-as-an-indie-game-developer
2025-02-19 19:15:39,510 - INFO - Scraping marketing website: https://enjin.io/blog/10-social-media-marketing-tips-for-indie-game-developers
2025-02-19 19:15:41,622 - INFO - Scraping marketing website: https://www.conduit.gg/blog/posts/best-channels-for-marketing-an-indie-game
2025-02-19 19:15:44,280 - INFO - Scraping marketing website: https://www.helpshift.com/blog/the-only-guide-you-need-for-effective-indie-game-marketing/
2025-02-19 19:15:45,569 - INFO - Scraping marketing website: https://www.developermarketing.io/the-ultimate-marketing-guide-for-indie-game-developers/
2025-02-19 19:15:50,043 - INFO - No articles found, using fallback method for https://www.conduit.gg/blog/posts/best-channels-for-marketing-an-indie-game
2025-02-19 19:15:52,349 - INFO - Data saved to output/scraped_data.json
2025-02-19 19:15:52,349 - INFO - Initial scraping completed. Found 30 articles.
2025-02-19 19:15:52,353 - INFO - After removing duplicates: 29 articles
2025-02-19 19:15:52,880 - INFO - Scraping content from https://www.thegamer.com/building-relationships-is-the-weirdest-dating-sim-ive-ever-played/
2025-02-19 19:15:52,922 - INFO - Scraping content from https://www.thegamer.com/bug-hunter-ufo-50-retro-tactics-into-the-breach/
2025-02-19 19:15:53,037 - INFO - Scraping content from https://indiegamereviewer.com/
2025-02-19 19:15:56,985 - INFO - Successfully scraped article: I’m Obsessed With Bug Hunter, UFO 50’s Retro Take On Into The Breach
2025-02-19 19:15:57,619 - INFO - Scraping content from https://the-indie-in-former.com/2025/02/14/the-indie-informer-plays-urban-myth-dissolution-center/
2025-02-19 19:15:59,367 - INFO - Successfully scraped article: Building Relationships Is The Weirdest Dating Sim I've Ever Played
2025-02-19 19:15:59,677 - INFO - Scraping content from https://the-indie-in-former.com/2025/02/12/on-the-radar-demo-edition/
2025-02-19 19:16:03,035 - INFO - Successfully scraped article: The Indie Informer Plays Urban Myth Dissolution Center
2025-02-19 19:16:03,127 - INFO - Successfully scraped article: On The Radar: Demo Edition
2025-02-19 19:16:03,434 - INFO - Scraping content from https://the-indie-in-former.com/2025/02/10/2025-indie-video-game-release-schedule/
2025-02-19 19:16:03,598 - INFO - Scraping content from https://the-indie-in-former.com/2025/02/10/ruffy-and-the-riverside-preview-copy-and-paste/
2025-02-19 19:16:05,068 - INFO - Scraping content from https://indiegamereviewer.com/
2025-02-19 19:16:07,655 - INFO - Successfully scraped article: 2025 Indie Video Game Release Schedule
2025-02-19 19:16:07,950 - INFO - Scraping content from https://the-indie-in-former.com/2025/02/07/the-indie-informer-plays-spirit-swap/
2025-02-19 19:16:09,464 - INFO - Successfully scraped article: Ruffy And The Riverside Preview: Swap Meet
2025-02-19 19:16:09,787 - INFO - Scraping content from https://the-indie-in-former.com/2025/02/06/the-indie-council-contending-with-copycats/
2025-02-19 19:16:12,711 - INFO - Scraping content from https://indiegamereviewer.com/
2025-02-19 19:16:13,002 - INFO - Successfully scraped article: The Indie Informer Plays Spirit Swap
2025-02-19 19:16:13,395 - INFO - Scraping content from https://the-indie-in-former.com/2025/02/06/whitethorn-digital-winter-showcase-2025-round-up/
2025-02-19 19:16:15,041 - INFO - Successfully scraped article: The Indie Council: Contending With Copycats
2025-02-19 19:16:15,386 - INFO - Scraping content from https://the-indie-in-former.com/2025/02/05/keep-driving-review-get-your-kicks/
2025-02-19 19:16:18,125 - INFO - Successfully scraped article: Whitethorn Winter Showcase 2025 Round-Up
2025-02-19 19:16:18,446 - INFO - Scraping content from https://the-indie-in-former.com/2025/02/03/spirit-swap-impressions-relaxing-stimulation/
2025-02-19 19:16:19,005 - INFO - Successfully scraped article: nan
2025-02-19 19:16:19,414 - INFO - Scraping content from https://the-indie-in-former.com/2025/01/31/the-indie-informer-plays-citizen-sleeper-2/
2025-02-19 19:16:20,832 - INFO - Successfully scraped article: Keep Driving Review: Get Your Kicks
2025-02-19 19:16:21,143 - INFO - Scraping content from https://the-indie-in-former.com/2025/01/30/citizen-sleeper-2-starward-vector-review-did-2025s-goty-launch-in-january/
2025-02-19 19:16:23,849 - INFO - Successfully scraped article: The Indie Informer Plays Citizen Sleeper 2
2025-02-19 19:16:24,042 - INFO - Successfully scraped article: Spirit Swap Impressions: Relaxing Stimulation
2025-02-19 19:16:24,286 - INFO - Scraping content from https://the-indie-in-former.com/2025/01/28/the-stone-of-madness-impressions-plaguing-my-mind/
2025-02-19 19:16:24,555 - INFO - Scraping content from https://the-indie-in-former.com/2025/01/27/eternal-strands-impressions-weave-been-having-a-great-time/
2025-02-19 19:16:26,255 - INFO - Successfully scraped article: Citizen Sleeper 2: Starward Vector Review – Did 2025’s GOTY Launch In January?
2025-02-19 19:16:26,565 - INFO - Scraping content from https://the-indie-in-former.com/2025/01/27/tails-of-iron-2-whiskers-of-winter-review-noble-struggle/
2025-02-19 19:16:27,666 - INFO - Successfully scraped article: Eternal Strands Impressions: Weave Been Having A Great Time
2025-02-19 19:16:28,060 - INFO - Scraping content from https://the-indie-in-former.com/2025/01/24/the-indie-informer-plays-ender-magnolia-bloom-in-the-mist/
2025-02-19 19:16:29,087 - INFO - Successfully scraped article: The Stone Of Madness Impressions: Plaguing My Mind
2025-02-19 19:16:29,416 - INFO - Scraping content from https://the-indie-in-former.com/2025/01/24/wanderstop-preview-stop-and-pet-the-pluffins/
2025-02-19 19:16:29,946 - INFO - Successfully scraped article: Tails Of Iron 2: Whiskers Of Winter Review – Noble Struggle
2025-02-19 19:16:30,273 - INFO - Scraping content from https://enjin.io/authors/enjin
2025-02-19 19:16:33,476 - INFO - Successfully scraped article: Wanderstop Preview: Stop And Pet The Pluffins
2025-02-19 19:16:33,802 - INFO - Scraping content from https://enjin.io/blog
2025-02-19 19:16:33,977 - INFO - Successfully scraped article: The Indie Informer Plays Ender Magnolia: Bloom In The Mist
2025-02-19 19:16:34,668 - INFO - Scraping content from https://www.helpshift.com/blog/customer-service-chatbot-2/
2025-02-19 19:16:37,116 - INFO - Successfully scraped article: 10 Social Media Tips for Indie Game Devs
2025-02-19 19:16:37,436 - INFO - Scraping content from https://www.helpshift.com/blog/customer-service-chatbot-2/
2025-02-19 19:16:39,777 - INFO - Successfully scraped article: Buyers Guide for Customer Service Chatbots in 2025
2025-02-19 19:16:40,161 - INFO - Scraping content from https://www.helpshift.com/blog/b2b-customer-service-examples/
2025-02-19 19:16:42,273 - INFO - Scraping content from https://enjin.io/authors/enjin
2025-02-19 19:16:43,491 - INFO - Successfully scraped article: Buyers Guide for Customer Service Chatbots in 2025
2025-02-19 19:16:43,881 - INFO - Scraping content from https://www.helpshift.com/blog/conversational-ai-for-customer-service/
2025-02-19 19:16:44,720 - INFO - Successfully scraped article: Top 15 B2B Customer Service Examples [that worked]
2025-02-19 19:16:45,048 - INFO - Scraping content from https://www.conduit.gg/blog/posts/best-channels-for-marketing-an-indie-game
2025-02-19 19:16:51,205 - INFO - Scraping content from https://enjin.io/authors/enjin
2025-02-19 19:16:52,862 - INFO - Successfully scraped article: Conversational AI for Customer Service: A Complete Guide
2025-02-19 19:16:53,196 - INFO - Scraping content from https://www.developermarketing.io/tag/developer-marketing/
2025-02-19 19:16:54,182 - INFO - Successfully scraped article: Video Game Marketing Blog from Conduit
2025-02-19 19:16:54,569 - INFO - Scraping content from https://www.developermarketing.io/ai-powered-pmm-trends-tips-and-use-cases/
2025-02-19 19:16:55,617 - INFO - Successfully scraped article: 10 Social Media Marketing Tips for Indie Game Developers
2025-02-19 19:16:56,019 - INFO - Scraping content from https://www.developermarketing.io/bot-or-not-lessons-on-consumer-reactions-to-algorithm-vs-human-decisions/
2025-02-19 19:16:58,997 - INFO - Successfully scraped article: AI-powered product marketing: Trends, tips, and use cases
2025-02-19 19:16:59,363 - INFO - Scraping content from https://www.developermarketing.io/how-product-marketers-can-truly-connect-with-engineering-leaders/
2025-02-19 19:17:00,228 - INFO - Successfully scraped article: Developer Marketing
2025-02-19 19:17:02,047 - INFO - Successfully scraped article: Bot or not: Lessons on consumer reactions to algorithm vs. human decisions
2025-02-19 19:17:03,720 - INFO - Successfully scraped article: How product marketers can truly connect with engineering leaders
2025-02-19 19:17:03,727 - INFO - Data saved to output/detailed_data.json
2025-02-19 19:17:03,733 - INFO - Data saved to output/normal_data.json
2025-02-19 19:17:03,733 - INFO - Saved 19 articles for category: normal
2025-02-19 19:17:03,739 - INFO - Data saved to output/marketing_data.json
2025-02-19 19:17:03,739 - INFO - Saved 11 articles for category: marketing
2025-02-19 19:17:03,739 - INFO - Total Execution Time: 0:01:30
2025-02-19 19:17:03,739 - INFO - 
Files created:
2025-02-19 19:17:03,739 - INFO - 1. output/scraped_data.csv/.json - Initial scraping results
2025-02-19 19:17:03,739 - INFO - 2. output/detailed_data.csv/.json - Complete dataset with full content
2025-02-19 19:17:03,739 - INFO - 3. output/normal_data.csv/.json - Data from normal websites
2025-02-19 19:17:03,739 - INFO - 3. output/marketing_data.csv/.json - Data from marketing websites
2025-02-19 19:17:03,739 - INFO - 4. Individual article text files in scraped_articles/ directory
